[2026-02-12 09:16:28] Result 1: {'configuration': {'differentiation_method': None, 'optimizer': EnsembleOptimizer(bagging=True, n_models=50, n_subset=2500,
                  opt=STLSQ(alpha=0.0001,
                            initial_guess=array([[  0. ,   1. ,   0. ,   0. ,   0. ,   0. ,   0. ,   0. ,   0. ],
       [  0. ,  -1.3,   0. , -60. ,   0. ,   0. ,   0. ,   0. ,   0. ]]),
                            max_iter=100000, normalize_columns=True,
                            threshold=1.0, unbias=False)), 'feature_library': FixedWeakPDELibrary(H_xt=array([0.05]), K=10, derivative_order=2,
                    differentiation_method=FiniteDifference(),
                    function_library=FixedCustomLibrary(function_names=[<function name_x at 0x00000219E2A6D010>,
                                                                        <function name_sin_x at 0x00000219E2A6D4E0>,
                                                                        <function name_squared_x at 0x00000219E2A6D170>],
                                                        library_functions=[<function x at 0x00000219E2A6C0F0>,
                                                                           <function sin_x at 0x00000219E2A6C930>,
                                                                           <function squared_x at 0x00000219E2A6C5C0>]),
                    multiindices=[], p=3,
                    spatiotemporal_grid=AxesArray([[0.000e+00],
           [1.000e-02],
           [2.000e-02],
           ...,
           [2.497e+01],
           [2.498e+01],
           [2.499e+01]], shape=(2500, 1)))}, 'error': 'Model is trivial or exceed max complexity. Early stopped with complexity: 9.'}
------------------------------------------------------------------------------------------------------------------------------------------------------------------------------------

[2026-02-12 09:16:28] Result 2: {'configuration': {'differentiation_method': None, 'optimizer': EnsembleOptimizer(bagging=True, n_models=50, n_subset=2500,
                  opt=STLSQ(alpha=0.0001,
                            initial_guess=array([[  0. ,   1. ,   0. ,   0. ,   0. ,   0. ,   0. ,   0. ,   0. ],
       [  0. ,  -1.3,   0. , -60. ,   0. ,   0. ,   0. ,   0. ,   0. ]]),
                            max_iter=100000, normalize_columns=True,
                            threshold=1.0, unbias=False)), 'feature_library': FixedWeakPDELibrary(H_xt=array([0.05]), K=10, derivative_order=2,
                    differentiation_method=FiniteDifference(),
                    function_library=FixedCustomLibrary(function_names=[<function name_x at 0x00000219E2A6D010>,
                                                                        <function name_sin_x at 0x00000219E2A6D4E0>,
                                                                        <function name_squared_x at 0x00000219E2A6D170>],
                                                        library_functions=[<function x at 0x00000219E2A6C0F0>,
                                                                           <function sin_x at 0x00000219E2A6C930>,
                                                                           <function squared_x at 0x00000219E2A6C5C0>]),
                    multiindices=[],
                    spatiotemporal_grid=AxesArray([[0.000e+00],
           [1.000e-02],
           [2.000e-02],
           ...,
           [2.497e+01],
           [2.498e+01],
           [2.499e+01]], shape=(2500, 1)))}, 'error': 'Model is trivial or exceed max complexity. Early stopped with complexity: 9.'}
------------------------------------------------------------------------------------------------------------------------------------------------------------------------------------

[2026-02-12 09:16:28] Result 3: {'configuration': {'differentiation_method': None, 'optimizer': EnsembleOptimizer(bagging=True, n_models=50, n_subset=2500,
                  opt=STLSQ(alpha=0.0001,
                            initial_guess=array([[  0. ,   1. ,   0. ,   0. ,   0. ,   0. ,   0. ,   0. ,   0. ],
       [  0. ,  -1.3,   0. , -60. ,   0. ,   0. ,   0. ,   0. ,   0. ]]),
                            max_iter=100000, normalize_columns=True,
                            threshold=1.0, unbias=False)), 'feature_library': FixedWeakPDELibrary(H_xt=array([0.05]), K=10, derivative_order=2,
                    differentiation_method=FiniteDifference(),
                    function_library=FixedCustomLibrary(function_names=[<function name_x at 0x00000219E2A6D010>,
                                                                        <function name_sin_x at 0x00000219E2A6D4E0>,
                                                                        <function name_squared_x at 0x00000219E2A6D170>],
                                                        library_functions=[<function x at 0x00000219E2A6C0F0>,
                                                                           <function sin_x at 0x00000219E2A6C930>,
                                                                           <function squared_x at 0x00000219E2A6C5C0>]),
                    multiindices=[], p=5,
                    spatiotemporal_grid=AxesArray([[0.000e+00],
           [1.000e-02],
           [2.000e-02],
           ...,
           [2.497e+01],
           [2.498e+01],
           [2.499e+01]], shape=(2500, 1)))}, 'error': 'Model is trivial or exceed max complexity. Early stopped with complexity: 9.'}
------------------------------------------------------------------------------------------------------------------------------------------------------------------------------------

[2026-02-12 09:16:29] Result 4: {'configuration': {'differentiation_method': None, 'optimizer': EnsembleOptimizer(bagging=True, n_models=50, n_subset=2500,
                  opt=STLSQ(alpha=0.0001,
                            initial_guess=array([[  0. ,   1. ,   0. ,   0. ,   0. ,   0. ,   0. ,   0. ,   0. ],
       [  0. ,  -1.3,   0. , -60. ,   0. ,   0. ,   0. ,   0. ,   0. ]]),
                            max_iter=100000, normalize_columns=True,
                            threshold=1.0, unbias=False)), 'feature_library': FixedWeakPDELibrary(H_xt=array([0.05]), K=20, derivative_order=2,
                    differentiation_method=FiniteDifference(),
                    function_library=FixedCustomLibrary(function_names=[<function name_x at 0x00000219E2A6D010>,
                                                                        <function name_sin_x at 0x00000219E2A6D4E0>,
                                                                        <function name_squared_x at 0x00000219E2A6D170>],
                                                        library_functions=[<function x at 0x00000219E2A6C0F0>,
                                                                           <function sin_x at 0x00000219E2A6C930>,
                                                                           <function squared_x at 0x00000219E2A6C5C0>]),
                    multiindices=[], p=3,
                    spatiotemporal_grid=AxesArray([[0.000e+00],
           [1.000e-02],
           [2.000e-02],
           ...,
           [2.497e+01],
           [2.498e+01],
           [2.499e+01]], shape=(2500, 1)))}, 'error': 'Model is trivial or exceed max complexity. Early stopped with complexity: 10.'}
------------------------------------------------------------------------------------------------------------------------------------------------------------------------------------

[2026-02-12 09:16:29] Result 5: {'configuration': {'differentiation_method': None, 'optimizer': EnsembleOptimizer(bagging=True, n_models=50, n_subset=2500,
                  opt=STLSQ(alpha=0.0001,
                            initial_guess=array([[  0. ,   1. ,   0. ,   0. ,   0. ,   0. ,   0. ,   0. ,   0. ],
       [  0. ,  -1.3,   0. , -60. ,   0. ,   0. ,   0. ,   0. ,   0. ]]),
                            max_iter=100000, normalize_columns=True,
                            threshold=1.0, unbias=False)), 'feature_library': FixedWeakPDELibrary(H_xt=array([0.05]), K=20, derivative_order=2,
                    differentiation_method=FiniteDifference(),
                    function_library=FixedCustomLibrary(function_names=[<function name_x at 0x00000219E2A6D010>,
                                                                        <function name_sin_x at 0x00000219E2A6D4E0>,
                                                                        <function name_squared_x at 0x00000219E2A6D170>],
                                                        library_functions=[<function x at 0x00000219E2A6C0F0>,
                                                                           <function sin_x at 0x00000219E2A6C930>,
                                                                           <function squared_x at 0x00000219E2A6C5C0>]),
                    multiindices=[],
                    spatiotemporal_grid=AxesArray([[0.000e+00],
           [1.000e-02],
           [2.000e-02],
           ...,
           [2.497e+01],
           [2.498e+01],
           [2.499e+01]], shape=(2500, 1)))}, 'error': 'Model is trivial or exceed max complexity. Early stopped with complexity: 8.'}
------------------------------------------------------------------------------------------------------------------------------------------------------------------------------------

[2026-02-12 09:16:29] Result 6: {'configuration': {'differentiation_method': None, 'optimizer': EnsembleOptimizer(bagging=True, n_models=50, n_subset=2500,
                  opt=STLSQ(alpha=0.0001,
                            initial_guess=array([[  0. ,   1. ,   0. ,   0. ,   0. ,   0. ,   0. ,   0. ,   0. ],
       [  0. ,  -1.3,   0. , -60. ,   0. ,   0. ,   0. ,   0. ,   0. ]]),
                            max_iter=100000, normalize_columns=True,
                            threshold=1.0, unbias=False)), 'feature_library': FixedWeakPDELibrary(H_xt=array([0.05]), K=20, derivative_order=2,
                    differentiation_method=FiniteDifference(),
                    function_library=FixedCustomLibrary(function_names=[<function name_x at 0x00000219E2A6D010>,
                                                                        <function name_sin_x at 0x00000219E2A6D4E0>,
                                                                        <function name_squared_x at 0x00000219E2A6D170>],
                                                        library_functions=[<function x at 0x00000219E2A6C0F0>,
                                                                           <function sin_x at 0x00000219E2A6C930>,
                                                                           <function squared_x at 0x00000219E2A6C5C0>]),
                    multiindices=[], p=5,
                    spatiotemporal_grid=AxesArray([[0.000e+00],
           [1.000e-02],
           [2.000e-02],
           ...,
           [2.497e+01],
           [2.498e+01],
           [2.499e+01]], shape=(2500, 1)))}, 'error': 'Model is trivial or exceed max complexity. Early stopped with complexity: 9.'}
------------------------------------------------------------------------------------------------------------------------------------------------------------------------------------

[2026-02-12 09:16:29] Result 7: {'configuration': {'differentiation_method': None, 'optimizer': EnsembleOptimizer(bagging=True, n_models=50, n_subset=2500,
                  opt=STLSQ(alpha=0.0001,
                            initial_guess=array([[  0. ,   1. ,   0. ,   0. ,   0. ,   0. ,   0. ,   0. ,   0. ],
       [  0. ,  -1.3,   0. , -60. ,   0. ,   0. ,   0. ,   0. ,   0. ]]),
                            max_iter=100000, normalize_columns=True,
                            threshold=1.0, unbias=False)), 'feature_library': FixedWeakPDELibrary(H_xt=array([0.05]), K=30, derivative_order=2,
                    differentiation_method=FiniteDifference(),
                    function_library=FixedCustomLibrary(function_names=[<function name_x at 0x00000219E2A6D010>,
                                                                        <function name_sin_x at 0x00000219E2A6D4E0>,
                                                                        <function name_squared_x at 0x00000219E2A6D170>],
                                                        library_functions=[<function x at 0x00000219E2A6C0F0>,
                                                                           <function sin_x at 0x00000219E2A6C930>,
                                                                           <function squared_x at 0x00000219E2A6C5C0>]),
                    multiindices=[], p=3,
                    spatiotemporal_grid=AxesArray([[0.000e+00],
           [1.000e-02],
           [2.000e-02],
           ...,
           [2.497e+01],
           [2.498e+01],
           [2.499e+01]], shape=(2500, 1)))}, 'error': 'Model is trivial or exceed max complexity. Early stopped with complexity: 8.'}
------------------------------------------------------------------------------------------------------------------------------------------------------------------------------------

[2026-02-12 09:16:30] Result 8: {'configuration': {'differentiation_method': None, 'optimizer': EnsembleOptimizer(bagging=True, n_models=50, n_subset=2500,
                  opt=STLSQ(alpha=0.0001,
                            initial_guess=array([[  0. ,   1. ,   0. ,   0. ,   0. ,   0. ,   0. ,   0. ,   0. ],
       [  0. ,  -1.3,   0. , -60. ,   0. ,   0. ,   0. ,   0. ,   0. ]]),
                            max_iter=100000, normalize_columns=True,
                            threshold=1.0, unbias=False)), 'feature_library': FixedWeakPDELibrary(H_xt=array([0.05]), K=30, derivative_order=2,
                    differentiation_method=FiniteDifference(),
                    function_library=FixedCustomLibrary(function_names=[<function name_x at 0x00000219E2A6D010>,
                                                                        <function name_sin_x at 0x00000219E2A6D4E0>,
                                                                        <function name_squared_x at 0x00000219E2A6D170>],
                                                        library_functions=[<function x at 0x00000219E2A6C0F0>,
                                                                           <function sin_x at 0x00000219E2A6C930>,
                                                                           <function squared_x at 0x00000219E2A6C5C0>]),
                    multiindices=[],
                    spatiotemporal_grid=AxesArray([[0.000e+00],
           [1.000e-02],
           [2.000e-02],
           ...,
           [2.497e+01],
           [2.498e+01],
           [2.499e+01]], shape=(2500, 1)))}, 'error': 'Model is trivial or exceed max complexity. Early stopped with complexity: 8.'}
------------------------------------------------------------------------------------------------------------------------------------------------------------------------------------

[2026-02-12 09:16:30] Result 9: {'configuration': {'differentiation_method': None, 'optimizer': EnsembleOptimizer(bagging=True, n_models=50, n_subset=2500,
                  opt=STLSQ(alpha=0.0001,
                            initial_guess=array([[  0. ,   1. ,   0. ,   0. ,   0. ,   0. ,   0. ,   0. ,   0. ],
       [  0. ,  -1.3,   0. , -60. ,   0. ,   0. ,   0. ,   0. ,   0. ]]),
                            max_iter=100000, normalize_columns=True,
                            threshold=1.0, unbias=False)), 'feature_library': FixedWeakPDELibrary(H_xt=array([0.05]), K=30, derivative_order=2,
                    differentiation_method=FiniteDifference(),
                    function_library=FixedCustomLibrary(function_names=[<function name_x at 0x00000219E2A6D010>,
                                                                        <function name_sin_x at 0x00000219E2A6D4E0>,
                                                                        <function name_squared_x at 0x00000219E2A6D170>],
                                                        library_functions=[<function x at 0x00000219E2A6C0F0>,
                                                                           <function sin_x at 0x00000219E2A6C930>,
                                                                           <function squared_x at 0x00000219E2A6C5C0>]),
                    multiindices=[], p=5,
                    spatiotemporal_grid=AxesArray([[0.000e+00],
           [1.000e-02],
           [2.000e-02],
           ...,
           [2.497e+01],
           [2.498e+01],
           [2.499e+01]], shape=(2500, 1)))}, 'error': 'Model is trivial or exceed max complexity. Early stopped with complexity: 9.'}
------------------------------------------------------------------------------------------------------------------------------------------------------------------------------------

[2026-02-12 09:16:30] Result 10: {'configuration': {'differentiation_method': None, 'optimizer': EnsembleOptimizer(bagging=True, n_models=50, n_subset=2500,
                  opt=STLSQ(alpha=0.0001,
                            initial_guess=array([[  0. ,   1. ,   0. ,   0. ,   0. ,   0. ,   0. ,   0. ,   0. ],
       [  0. ,  -1.3,   0. , -60. ,   0. ,   0. ,   0. ,   0. ,   0. ]]),
                            max_iter=100000, normalize_columns=True,
                            threshold=1.0, unbias=False)), 'feature_library': FixedWeakPDELibrary(H_xt=array([0.05]), K=40, derivative_order=2,
                    differentiation_method=FiniteDifference(),
                    function_library=FixedCustomLibrary(function_names=[<function name_x at 0x00000219E2A6D010>,
                                                                        <function name_sin_x at 0x00000219E2A6D4E0>,
                                                                        <function name_squared_x at 0x00000219E2A6D170>],
                                                        library_functions=[<function x at 0x00000219E2A6C0F0>,
                                                                           <function sin_x at 0x00000219E2A6C930>,
                                                                           <function squared_x at 0x00000219E2A6C5C0>]),
                    multiindices=[], p=3,
                    spatiotemporal_grid=AxesArray([[0.000e+00],
           [1.000e-02],
           [2.000e-02],
           ...,
           [2.497e+01],
           [2.498e+01],
           [2.499e+01]], shape=(2500, 1)))}, 'error': 'Model is trivial or exceed max complexity. Early stopped with complexity: 7.'}
------------------------------------------------------------------------------------------------------------------------------------------------------------------------------------

[2026-02-12 09:16:31] Result 11: {'configuration': {'differentiation_method': None, 'optimizer': EnsembleOptimizer(bagging=True, n_models=50, n_subset=2500,
                  opt=STLSQ(alpha=0.0001,
                            initial_guess=array([[  0. ,   1. ,   0. ,   0. ,   0. ,   0. ,   0. ,   0. ,   0. ],
       [  0. ,  -1.3,   0. , -60. ,   0. ,   0. ,   0. ,   0. ,   0. ]]),
                            max_iter=100000, normalize_columns=True,
                            threshold=1.0, unbias=False)), 'feature_library': FixedWeakPDELibrary(H_xt=array([0.05]), K=40, derivative_order=2,
                    differentiation_method=FiniteDifference(),
                    function_library=FixedCustomLibrary(function_names=[<function name_x at 0x00000219E2A6D010>,
                                                                        <function name_sin_x at 0x00000219E2A6D4E0>,
                                                                        <function name_squared_x at 0x00000219E2A6D170>],
                                                        library_functions=[<function x at 0x00000219E2A6C0F0>,
                                                                           <function sin_x at 0x00000219E2A6C930>,
                                                                           <function squared_x at 0x00000219E2A6C5C0>]),
                    multiindices=[],
                    spatiotemporal_grid=AxesArray([[0.000e+00],
           [1.000e-02],
           [2.000e-02],
           ...,
           [2.497e+01],
           [2.498e+01],
           [2.499e+01]], shape=(2500, 1)))}, 'error': 'Model is trivial or exceed max complexity. Early stopped with complexity: 9.'}
------------------------------------------------------------------------------------------------------------------------------------------------------------------------------------

[2026-02-12 09:16:31] Result 12: {'configuration': {'differentiation_method': None, 'optimizer': EnsembleOptimizer(bagging=True, n_models=50, n_subset=2500,
                  opt=STLSQ(alpha=0.0001,
                            initial_guess=array([[  0. ,   1. ,   0. ,   0. ,   0. ,   0. ,   0. ,   0. ,   0. ],
       [  0. ,  -1.3,   0. , -60. ,   0. ,   0. ,   0. ,   0. ,   0. ]]),
                            max_iter=100000, normalize_columns=True,
                            threshold=1.0, unbias=False)), 'feature_library': FixedWeakPDELibrary(H_xt=array([0.05]), K=40, derivative_order=2,
                    differentiation_method=FiniteDifference(),
                    function_library=FixedCustomLibrary(function_names=[<function name_x at 0x00000219E2A6D010>,
                                                                        <function name_sin_x at 0x00000219E2A6D4E0>,
                                                                        <function name_squared_x at 0x00000219E2A6D170>],
                                                        library_functions=[<function x at 0x00000219E2A6C0F0>,
                                                                           <function sin_x at 0x00000219E2A6C930>,
                                                                           <function squared_x at 0x00000219E2A6C5C0>]),
                    multiindices=[], p=5,
                    spatiotemporal_grid=AxesArray([[0.000e+00],
           [1.000e-02],
           [2.000e-02],
           ...,
           [2.497e+01],
           [2.498e+01],
           [2.499e+01]], shape=(2500, 1)))}, 'error': 'Model is trivial or exceed max complexity. Early stopped with complexity: 8.'}
------------------------------------------------------------------------------------------------------------------------------------------------------------------------------------

[2026-02-12 09:16:31] Result 13: {'configuration': {'differentiation_method': None, 'optimizer': EnsembleOptimizer(bagging=True, n_models=50, n_subset=2500,
                  opt=STLSQ(alpha=0.0001,
                            initial_guess=array([[  0. ,   1. ,   0. ,   0. ,   0. ,   0. ,   0. ,   0. ,   0. ],
       [  0. ,  -1.3,   0. , -60. ,   0. ,   0. ,   0. ,   0. ,   0. ]]),
                            max_iter=100000, normalize_columns=True,
                            threshold=1.0, unbias=False)), 'feature_library': FixedWeakPDELibrary(H_xt=array([0.05]), K=50, derivative_order=2,
                    differentiation_method=FiniteDifference(),
                    function_library=FixedCustomLibrary(function_names=[<function name_x at 0x00000219E2A6D010>,
                                                                        <function name_sin_x at 0x00000219E2A6D4E0>,
                                                                        <function name_squared_x at 0x00000219E2A6D170>],
                                                        library_functions=[<function x at 0x00000219E2A6C0F0>,
                                                                           <function sin_x at 0x00000219E2A6C930>,
                                                                           <function squared_x at 0x00000219E2A6C5C0>]),
                    multiindices=[], p=3,
                    spatiotemporal_grid=AxesArray([[0.000e+00],
           [1.000e-02],
           [2.000e-02],
           ...,
           [2.497e+01],
           [2.498e+01],
           [2.499e+01]], shape=(2500, 1)))}, 'error': 'Model is trivial or exceed max complexity. Early stopped with complexity: 8.'}
------------------------------------------------------------------------------------------------------------------------------------------------------------------------------------

[2026-02-12 09:16:31] Result 14: {'configuration': {'differentiation_method': None, 'optimizer': EnsembleOptimizer(bagging=True, n_models=50, n_subset=2500,
                  opt=STLSQ(alpha=0.0001,
                            initial_guess=array([[  0. ,   1. ,   0. ,   0. ,   0. ,   0. ,   0. ,   0. ,   0. ],
       [  0. ,  -1.3,   0. , -60. ,   0. ,   0. ,   0. ,   0. ,   0. ]]),
                            max_iter=100000, normalize_columns=True,
                            threshold=1.0, unbias=False)), 'feature_library': FixedWeakPDELibrary(H_xt=array([0.05]), K=50, derivative_order=2,
                    differentiation_method=FiniteDifference(),
                    function_library=FixedCustomLibrary(function_names=[<function name_x at 0x00000219E2A6D010>,
                                                                        <function name_sin_x at 0x00000219E2A6D4E0>,
                                                                        <function name_squared_x at 0x00000219E2A6D170>],
                                                        library_functions=[<function x at 0x00000219E2A6C0F0>,
                                                                           <function sin_x at 0x00000219E2A6C930>,
                                                                           <function squared_x at 0x00000219E2A6C5C0>]),
                    multiindices=[],
                    spatiotemporal_grid=AxesArray([[0.000e+00],
           [1.000e-02],
           [2.000e-02],
           ...,
           [2.497e+01],
           [2.498e+01],
           [2.499e+01]], shape=(2500, 1)))}, 'error': 'Model is trivial or exceed max complexity. Early stopped with complexity: 9.'}
------------------------------------------------------------------------------------------------------------------------------------------------------------------------------------

[2026-02-12 09:16:32] Result 15: {'configuration': {'differentiation_method': None, 'optimizer': EnsembleOptimizer(bagging=True, n_models=50, n_subset=2500,
                  opt=STLSQ(alpha=0.0001,
                            initial_guess=array([[  0. ,   1. ,   0. ,   0. ,   0. ,   0. ,   0. ,   0. ,   0. ],
       [  0. ,  -1.3,   0. , -60. ,   0. ,   0. ,   0. ,   0. ,   0. ]]),
                            max_iter=100000, normalize_columns=True,
                            threshold=1.0, unbias=False)), 'feature_library': FixedWeakPDELibrary(H_xt=array([0.05]), K=50, derivative_order=2,
                    differentiation_method=FiniteDifference(),
                    function_library=FixedCustomLibrary(function_names=[<function name_x at 0x00000219E2A6D010>,
                                                                        <function name_sin_x at 0x00000219E2A6D4E0>,
                                                                        <function name_squared_x at 0x00000219E2A6D170>],
                                                        library_functions=[<function x at 0x00000219E2A6C0F0>,
                                                                           <function sin_x at 0x00000219E2A6C930>,
                                                                           <function squared_x at 0x00000219E2A6C5C0>]),
                    multiindices=[], p=5,
                    spatiotemporal_grid=AxesArray([[0.000e+00],
           [1.000e-02],
           [2.000e-02],
           ...,
           [2.497e+01],
           [2.498e+01],
           [2.499e+01]], shape=(2500, 1)))}, 'error': 'Model is trivial or exceed max complexity. Early stopped with complexity: 8.'}
------------------------------------------------------------------------------------------------------------------------------------------------------------------------------------

[2026-02-12 09:16:32] Result 16: {'configuration': {'differentiation_method': None, 'optimizer': EnsembleOptimizer(bagging=True, n_models=50, n_subset=2500,
                  opt=STLSQ(alpha=0.0001,
                            initial_guess=array([[  0. ,   1. ,   0. ,   0. ,   0. ,   0. ,   0. ,   0. ,   0. ],
       [  0. ,  -1.3,   0. , -60. ,   0. ,   0. ,   0. ,   0. ,   0. ]]),
                            max_iter=100000, normalize_columns=True,
                            threshold=1.0, unbias=False)), 'feature_library': FixedWeakPDELibrary(H_xt=array([0.05]), K=10, derivative_order=3,
                    differentiation_method=FiniteDifference(),
                    function_library=FixedCustomLibrary(function_names=[<function name_x at 0x00000219E2A6D010>,
                                                                        <function name_sin_x at 0x00000219E2A6D4E0>,
                                                                        <function name_squared_x at 0x00000219E2A6D170>],
                                                        library_functions=[<function x at 0x00000219E2A6C0F0>,
                                                                           <function sin_x at 0x00000219E2A6C930>,
                                                                           <function squared_x at 0x00000219E2A6C5C0>]),
                    multiindices=[], p=3,
                    spatiotemporal_grid=AxesArray([[0.000e+00],
           [1.000e-02],
           [2.000e-02],
           ...,
           [2.497e+01],
           [2.498e+01],
           [2.499e+01]], shape=(2500, 1)))}, 'error': 'Model is trivial or exceed max complexity. Early stopped with complexity: 10.'}
------------------------------------------------------------------------------------------------------------------------------------------------------------------------------------

[2026-02-12 09:16:35] Result 17: {'configuration': {'differentiation_method': None, 'optimizer': EnsembleOptimizer(bagging=True, n_models=50, n_subset=2500,
                  opt=STLSQ(alpha=0.0001,
                            initial_guess=array([[  0. ,   1. ,   0. ,   0. ,   0. ,   0. ,   0. ,   0. ,   0. ],
       [  0. ,  -1.3,   0. , -60. ,   0. ,   0. ,   0. ,   0. ,   0. ]]),
                            max_iter=100000, normalize_columns=True,
                            threshold=1.0, unbias=False)), 'feature_library': FixedWeakPDELibrary(H_xt=array([0.05]), K=10, derivative_order=3,
                    differentiation_method=FiniteDifference(),
                    function_library=FixedCustomLibrary(function_names=[<function name_x at 0x00000219E2A6D010>,
                                                                        <function name_sin_x at 0x00000219E2A6D4E0>,
                                                                        <function name_squared_x at 0x00000219E2A6D170>],
                                                        library_functions=[<function x at 0x00000219E2A6C0F0>,
                                                                           <function sin_x at 0x00000219E2A6C930>,
                                                                           <function squared_x at 0x00000219E2A6C5C0>]),
                    multiindices=[],
                    spatiotemporal_grid=AxesArray([[0.000e+00],
           [1.000e-02],
           [2.000e-02],
           ...,
           [2.497e+01],
           [2.498e+01],
           [2.499e+01]], shape=(2500, 1)))}, 'error': 'Model have low R2 score. Stopped after long simulation with R2 score: -5.018.'}
------------------------------------------------------------------------------------------------------------------------------------------------------------------------------------

[2026-02-12 09:16:35] Result 18: {'configuration': {'differentiation_method': None, 'optimizer': EnsembleOptimizer(bagging=True, n_models=50, n_subset=2500,
                  opt=STLSQ(alpha=0.0001,
                            initial_guess=array([[  0. ,   1. ,   0. ,   0. ,   0. ,   0. ,   0. ,   0. ,   0. ],
       [  0. ,  -1.3,   0. , -60. ,   0. ,   0. ,   0. ,   0. ,   0. ]]),
                            max_iter=100000, normalize_columns=True,
                            threshold=1.0, unbias=False)), 'feature_library': FixedWeakPDELibrary(H_xt=array([0.05]), K=10, derivative_order=3,
                    differentiation_method=FiniteDifference(),
                    function_library=FixedCustomLibrary(function_names=[<function name_x at 0x00000219E2A6D010>,
                                                                        <function name_sin_x at 0x00000219E2A6D4E0>,
                                                                        <function name_squared_x at 0x00000219E2A6D170>],
                                                        library_functions=[<function x at 0x00000219E2A6C0F0>,
                                                                           <function sin_x at 0x00000219E2A6C930>,
                                                                           <function squared_x at 0x00000219E2A6C5C0>]),
                    multiindices=[], p=5,
                    spatiotemporal_grid=AxesArray([[0.000e+00],
           [1.000e-02],
           [2.000e-02],
           ...,
           [2.497e+01],
           [2.498e+01],
           [2.499e+01]], shape=(2500, 1)))}, 'error': 'Model is trivial or exceed max complexity. Early stopped with complexity: 9.'}
------------------------------------------------------------------------------------------------------------------------------------------------------------------------------------

[2026-02-12 09:16:35] Result 19: {'configuration': {'differentiation_method': None, 'optimizer': EnsembleOptimizer(bagging=True, n_models=50, n_subset=2500,
                  opt=STLSQ(alpha=0.0001,
                            initial_guess=array([[  0. ,   1. ,   0. ,   0. ,   0. ,   0. ,   0. ,   0. ,   0. ],
       [  0. ,  -1.3,   0. , -60. ,   0. ,   0. ,   0. ,   0. ,   0. ]]),
                            max_iter=100000, normalize_columns=True,
                            threshold=1.0, unbias=False)), 'feature_library': FixedWeakPDELibrary(H_xt=array([0.05]), K=20, derivative_order=3,
                    differentiation_method=FiniteDifference(),
                    function_library=FixedCustomLibrary(function_names=[<function name_x at 0x00000219E2A6D010>,
                                                                        <function name_sin_x at 0x00000219E2A6D4E0>,
                                                                        <function name_squared_x at 0x00000219E2A6D170>],
                                                        library_functions=[<function x at 0x00000219E2A6C0F0>,
                                                                           <function sin_x at 0x00000219E2A6C930>,
                                                                           <function squared_x at 0x00000219E2A6C5C0>]),
                    multiindices=[], p=3,
                    spatiotemporal_grid=AxesArray([[0.000e+00],
           [1.000e-02],
           [2.000e-02],
           ...,
           [2.497e+01],
           [2.498e+01],
           [2.499e+01]], shape=(2500, 1)))}, 'error': 'Model is trivial or exceed max complexity. Early stopped with complexity: 8.'}
------------------------------------------------------------------------------------------------------------------------------------------------------------------------------------

[2026-02-12 09:16:35] Result 20: {'configuration': {'differentiation_method': None, 'optimizer': EnsembleOptimizer(bagging=True, n_models=50, n_subset=2500,
                  opt=STLSQ(alpha=0.0001,
                            initial_guess=array([[  0. ,   1. ,   0. ,   0. ,   0. ,   0. ,   0. ,   0. ,   0. ],
       [  0. ,  -1.3,   0. , -60. ,   0. ,   0. ,   0. ,   0. ,   0. ]]),
                            max_iter=100000, normalize_columns=True,
                            threshold=1.0, unbias=False)), 'feature_library': FixedWeakPDELibrary(H_xt=array([0.05]), K=20, derivative_order=3,
                    differentiation_method=FiniteDifference(),
                    function_library=FixedCustomLibrary(function_names=[<function name_x at 0x00000219E2A6D010>,
                                                                        <function name_sin_x at 0x00000219E2A6D4E0>,
                                                                        <function name_squared_x at 0x00000219E2A6D170>],
                                                        library_functions=[<function x at 0x00000219E2A6C0F0>,
                                                                           <function sin_x at 0x00000219E2A6C930>,
                                                                           <function squared_x at 0x00000219E2A6C5C0>]),
                    multiindices=[],
                    spatiotemporal_grid=AxesArray([[0.000e+00],
           [1.000e-02],
           [2.000e-02],
           ...,
           [2.497e+01],
           [2.498e+01],
           [2.499e+01]], shape=(2500, 1)))}, 'error': 'Model is trivial or exceed max complexity. Early stopped with complexity: 8.'}
------------------------------------------------------------------------------------------------------------------------------------------------------------------------------------

[2026-02-12 09:16:36] Result 21: {'configuration': {'differentiation_method': None, 'optimizer': EnsembleOptimizer(bagging=True, n_models=50, n_subset=2500,
                  opt=STLSQ(alpha=0.0001,
                            initial_guess=array([[  0. ,   1. ,   0. ,   0. ,   0. ,   0. ,   0. ,   0. ,   0. ],
       [  0. ,  -1.3,   0. , -60. ,   0. ,   0. ,   0. ,   0. ,   0. ]]),
                            max_iter=100000, normalize_columns=True,
                            threshold=1.0, unbias=False)), 'feature_library': FixedWeakPDELibrary(H_xt=array([0.05]), K=20, derivative_order=3,
                    differentiation_method=FiniteDifference(),
                    function_library=FixedCustomLibrary(function_names=[<function name_x at 0x00000219E2A6D010>,
                                                                        <function name_sin_x at 0x00000219E2A6D4E0>,
                                                                        <function name_squared_x at 0x00000219E2A6D170>],
                                                        library_functions=[<function x at 0x00000219E2A6C0F0>,
                                                                           <function sin_x at 0x00000219E2A6C930>,
                                                                           <function squared_x at 0x00000219E2A6C5C0>]),
                    multiindices=[], p=5,
                    spatiotemporal_grid=AxesArray([[0.000e+00],
           [1.000e-02],
           [2.000e-02],
           ...,
           [2.497e+01],
           [2.498e+01],
           [2.499e+01]], shape=(2500, 1)))}, 'error': 'Model is trivial or exceed max complexity. Early stopped with complexity: 8.'}
------------------------------------------------------------------------------------------------------------------------------------------------------------------------------------

[2026-02-12 09:16:36] Result 22: {'configuration': {'differentiation_method': None, 'optimizer': EnsembleOptimizer(bagging=True, n_models=50, n_subset=2500,
                  opt=STLSQ(alpha=0.0001,
                            initial_guess=array([[  0. ,   1. ,   0. ,   0. ,   0. ,   0. ,   0. ,   0. ,   0. ],
       [  0. ,  -1.3,   0. , -60. ,   0. ,   0. ,   0. ,   0. ,   0. ]]),
                            max_iter=100000, normalize_columns=True,
                            threshold=1.0, unbias=False)), 'feature_library': FixedWeakPDELibrary(H_xt=array([0.05]), K=30, derivative_order=3,
                    differentiation_method=FiniteDifference(),
                    function_library=FixedCustomLibrary(function_names=[<function name_x at 0x00000219E2A6D010>,
                                                                        <function name_sin_x at 0x00000219E2A6D4E0>,
                                                                        <function name_squared_x at 0x00000219E2A6D170>],
                                                        library_functions=[<function x at 0x00000219E2A6C0F0>,
                                                                           <function sin_x at 0x00000219E2A6C930>,
                                                                           <function squared_x at 0x00000219E2A6C5C0>]),
                    multiindices=[], p=3,
                    spatiotemporal_grid=AxesArray([[0.000e+00],
           [1.000e-02],
           [2.000e-02],
           ...,
           [2.497e+01],
           [2.498e+01],
           [2.499e+01]], shape=(2500, 1)))}, 'error': 'Model is trivial or exceed max complexity. Early stopped with complexity: 8.'}
------------------------------------------------------------------------------------------------------------------------------------------------------------------------------------

[2026-02-12 09:16:36] Result 23: {'configuration': {'differentiation_method': None, 'optimizer': EnsembleOptimizer(bagging=True, n_models=50, n_subset=2500,
                  opt=STLSQ(alpha=0.0001,
                            initial_guess=array([[  0. ,   1. ,   0. ,   0. ,   0. ,   0. ,   0. ,   0. ,   0. ],
       [  0. ,  -1.3,   0. , -60. ,   0. ,   0. ,   0. ,   0. ,   0. ]]),
                            max_iter=100000, normalize_columns=True,
                            threshold=1.0, unbias=False)), 'feature_library': FixedWeakPDELibrary(H_xt=array([0.05]), K=30, derivative_order=3,
                    differentiation_method=FiniteDifference(),
                    function_library=FixedCustomLibrary(function_names=[<function name_x at 0x00000219E2A6D010>,
                                                                        <function name_sin_x at 0x00000219E2A6D4E0>,
                                                                        <function name_squared_x at 0x00000219E2A6D170>],
                                                        library_functions=[<function x at 0x00000219E2A6C0F0>,
                                                                           <function sin_x at 0x00000219E2A6C930>,
                                                                           <function squared_x at 0x00000219E2A6C5C0>]),
                    multiindices=[],
                    spatiotemporal_grid=AxesArray([[0.000e+00],
           [1.000e-02],
           [2.000e-02],
           ...,
           [2.497e+01],
           [2.498e+01],
           [2.499e+01]], shape=(2500, 1)))}, 'error': 'Model is trivial or exceed max complexity. Early stopped with complexity: 8.'}
------------------------------------------------------------------------------------------------------------------------------------------------------------------------------------

[2026-02-12 09:16:36] Result 24: {'configuration': {'differentiation_method': None, 'optimizer': EnsembleOptimizer(bagging=True, n_models=50, n_subset=2500,
                  opt=STLSQ(alpha=0.0001,
                            initial_guess=array([[  0. ,   1. ,   0. ,   0. ,   0. ,   0. ,   0. ,   0. ,   0. ],
       [  0. ,  -1.3,   0. , -60. ,   0. ,   0. ,   0. ,   0. ,   0. ]]),
                            max_iter=100000, normalize_columns=True,
                            threshold=1.0, unbias=False)), 'feature_library': FixedWeakPDELibrary(H_xt=array([0.05]), K=30, derivative_order=3,
                    differentiation_method=FiniteDifference(),
                    function_library=FixedCustomLibrary(function_names=[<function name_x at 0x00000219E2A6D010>,
                                                                        <function name_sin_x at 0x00000219E2A6D4E0>,
                                                                        <function name_squared_x at 0x00000219E2A6D170>],
                                                        library_functions=[<function x at 0x00000219E2A6C0F0>,
                                                                           <function sin_x at 0x00000219E2A6C930>,
                                                                           <function squared_x at 0x00000219E2A6C5C0>]),
                    multiindices=[], p=5,
                    spatiotemporal_grid=AxesArray([[0.000e+00],
           [1.000e-02],
           [2.000e-02],
           ...,
           [2.497e+01],
           [2.498e+01],
           [2.499e+01]], shape=(2500, 1)))}, 'error': 'Model is trivial or exceed max complexity. Early stopped with complexity: 9.'}
------------------------------------------------------------------------------------------------------------------------------------------------------------------------------------

[2026-02-12 09:16:36] Result 25: {'configuration': {'differentiation_method': None, 'optimizer': EnsembleOptimizer(bagging=True, n_models=50, n_subset=2500,
                  opt=STLSQ(alpha=0.0001,
                            initial_guess=array([[  0. ,   1. ,   0. ,   0. ,   0. ,   0. ,   0. ,   0. ,   0. ],
       [  0. ,  -1.3,   0. , -60. ,   0. ,   0. ,   0. ,   0. ,   0. ]]),
                            max_iter=100000, normalize_columns=True,
                            threshold=1.0, unbias=False)), 'feature_library': FixedWeakPDELibrary(H_xt=array([0.05]), K=40, derivative_order=3,
                    differentiation_method=FiniteDifference(),
                    function_library=FixedCustomLibrary(function_names=[<function name_x at 0x00000219E2A6D010>,
                                                                        <function name_sin_x at 0x00000219E2A6D4E0>,
                                                                        <function name_squared_x at 0x00000219E2A6D170>],
                                                        library_functions=[<function x at 0x00000219E2A6C0F0>,
                                                                           <function sin_x at 0x00000219E2A6C930>,
                                                                           <function squared_x at 0x00000219E2A6C5C0>]),
                    multiindices=[], p=3,
                    spatiotemporal_grid=AxesArray([[0.000e+00],
           [1.000e-02],
           [2.000e-02],
           ...,
           [2.497e+01],
           [2.498e+01],
           [2.499e+01]], shape=(2500, 1)))}, 'error': 'Model is trivial or exceed max complexity. Early stopped with complexity: 8.'}
------------------------------------------------------------------------------------------------------------------------------------------------------------------------------------

[2026-02-12 09:16:36] Result 26: {'configuration': {'differentiation_method': None, 'optimizer': EnsembleOptimizer(bagging=True, n_models=50, n_subset=2500,
                  opt=STLSQ(alpha=0.0001,
                            initial_guess=array([[  0. ,   1. ,   0. ,   0. ,   0. ,   0. ,   0. ,   0. ,   0. ],
       [  0. ,  -1.3,   0. , -60. ,   0. ,   0. ,   0. ,   0. ,   0. ]]),
                            max_iter=100000, normalize_columns=True,
                            threshold=1.0, unbias=False)), 'feature_library': FixedWeakPDELibrary(H_xt=array([0.05]), K=40, derivative_order=3,
                    differentiation_method=FiniteDifference(),
                    function_library=FixedCustomLibrary(function_names=[<function name_x at 0x00000219E2A6D010>,
                                                                        <function name_sin_x at 0x00000219E2A6D4E0>,
                                                                        <function name_squared_x at 0x00000219E2A6D170>],
                                                        library_functions=[<function x at 0x00000219E2A6C0F0>,
                                                                           <function sin_x at 0x00000219E2A6C930>,
                                                                           <function squared_x at 0x00000219E2A6C5C0>]),
                    multiindices=[],
                    spatiotemporal_grid=AxesArray([[0.000e+00],
           [1.000e-02],
           [2.000e-02],
           ...,
           [2.497e+01],
           [2.498e+01],
           [2.499e+01]], shape=(2500, 1)))}, 'error': 'Model is trivial or exceed max complexity. Early stopped with complexity: 8.'}
------------------------------------------------------------------------------------------------------------------------------------------------------------------------------------

[2026-02-12 09:16:36] Result 27: {'configuration': {'differentiation_method': None, 'optimizer': EnsembleOptimizer(bagging=True, n_models=50, n_subset=2500,
                  opt=STLSQ(alpha=0.0001,
                            initial_guess=array([[  0. ,   1. ,   0. ,   0. ,   0. ,   0. ,   0. ,   0. ,   0. ],
       [  0. ,  -1.3,   0. , -60. ,   0. ,   0. ,   0. ,   0. ,   0. ]]),
                            max_iter=100000, normalize_columns=True,
                            threshold=1.0, unbias=False)), 'feature_library': FixedWeakPDELibrary(H_xt=array([0.05]), K=40, derivative_order=3,
                    differentiation_method=FiniteDifference(),
                    function_library=FixedCustomLibrary(function_names=[<function name_x at 0x00000219E2A6D010>,
                                                                        <function name_sin_x at 0x00000219E2A6D4E0>,
                                                                        <function name_squared_x at 0x00000219E2A6D170>],
                                                        library_functions=[<function x at 0x00000219E2A6C0F0>,
                                                                           <function sin_x at 0x00000219E2A6C930>,
                                                                           <function squared_x at 0x00000219E2A6C5C0>]),
                    multiindices=[], p=5,
                    spatiotemporal_grid=AxesArray([[0.000e+00],
           [1.000e-02],
           [2.000e-02],
           ...,
           [2.497e+01],
           [2.498e+01],
           [2.499e+01]], shape=(2500, 1)))}, 'error': 'Model have low R2 score. Stopped after long simulation with R2 score: -6.448.'}
------------------------------------------------------------------------------------------------------------------------------------------------------------------------------------

[2026-02-12 09:16:36] Result 28: {'configuration': {'differentiation_method': None, 'optimizer': EnsembleOptimizer(bagging=True, n_models=50, n_subset=2500,
                  opt=STLSQ(alpha=0.0001,
                            initial_guess=array([[  0. ,   1. ,   0. ,   0. ,   0. ,   0. ,   0. ,   0. ,   0. ],
       [  0. ,  -1.3,   0. , -60. ,   0. ,   0. ,   0. ,   0. ,   0. ]]),
                            max_iter=100000, normalize_columns=True,
                            threshold=1.0, unbias=False)), 'feature_library': FixedWeakPDELibrary(H_xt=array([0.05]), K=50, derivative_order=3,
                    differentiation_method=FiniteDifference(),
                    function_library=FixedCustomLibrary(function_names=[<function name_x at 0x00000219E2A6D010>,
                                                                        <function name_sin_x at 0x00000219E2A6D4E0>,
                                                                        <function name_squared_x at 0x00000219E2A6D170>],
                                                        library_functions=[<function x at 0x00000219E2A6C0F0>,
                                                                           <function sin_x at 0x00000219E2A6C930>,
                                                                           <function squared_x at 0x00000219E2A6C5C0>]),
                    multiindices=[], p=3,
                    spatiotemporal_grid=AxesArray([[0.000e+00],
           [1.000e-02],
           [2.000e-02],
           ...,
           [2.497e+01],
           [2.498e+01],
           [2.499e+01]], shape=(2500, 1)))}, 'error': 'Model is trivial or exceed max complexity. Early stopped with complexity: 8.'}
------------------------------------------------------------------------------------------------------------------------------------------------------------------------------------

[2026-02-12 09:16:37] Result 29: {'configuration': {'differentiation_method': None, 'optimizer': EnsembleOptimizer(bagging=True, n_models=50, n_subset=2500,
                  opt=STLSQ(alpha=0.0001,
                            initial_guess=array([[  0. ,   1. ,   0. ,   0. ,   0. ,   0. ,   0. ,   0. ,   0. ],
       [  0. ,  -1.3,   0. , -60. ,   0. ,   0. ,   0. ,   0. ,   0. ]]),
                            max_iter=100000, normalize_columns=True,
                            threshold=1.0, unbias=False)), 'feature_library': FixedWeakPDELibrary(H_xt=array([0.05]), K=50, derivative_order=3,
                    differentiation_method=FiniteDifference(),
                    function_library=FixedCustomLibrary(function_names=[<function name_x at 0x00000219E2A6D010>,
                                                                        <function name_sin_x at 0x00000219E2A6D4E0>,
                                                                        <function name_squared_x at 0x00000219E2A6D170>],
                                                        library_functions=[<function x at 0x00000219E2A6C0F0>,
                                                                           <function sin_x at 0x00000219E2A6C930>,
                                                                           <function squared_x at 0x00000219E2A6C5C0>]),
                    multiindices=[],
                    spatiotemporal_grid=AxesArray([[0.000e+00],
           [1.000e-02],
           [2.000e-02],
           ...,
           [2.497e+01],
           [2.498e+01],
           [2.499e+01]], shape=(2500, 1)))}, 'error': 'Model is trivial or exceed max complexity. Early stopped with complexity: 7.'}
------------------------------------------------------------------------------------------------------------------------------------------------------------------------------------

[2026-02-12 09:16:37] Result 30: {'configuration': {'differentiation_method': None, 'optimizer': EnsembleOptimizer(bagging=True, n_models=50, n_subset=2500,
                  opt=STLSQ(alpha=0.0001,
                            initial_guess=array([[  0. ,   1. ,   0. ,   0. ,   0. ,   0. ,   0. ,   0. ,   0. ],
       [  0. ,  -1.3,   0. , -60. ,   0. ,   0. ,   0. ,   0. ,   0. ]]),
                            max_iter=100000, normalize_columns=True,
                            threshold=1.0, unbias=False)), 'feature_library': FixedWeakPDELibrary(H_xt=array([0.05]), K=50, derivative_order=3,
                    differentiation_method=FiniteDifference(),
                    function_library=FixedCustomLibrary(function_names=[<function name_x at 0x00000219E2A6D010>,
                                                                        <function name_sin_x at 0x00000219E2A6D4E0>,
                                                                        <function name_squared_x at 0x00000219E2A6D170>],
                                                        library_functions=[<function x at 0x00000219E2A6C0F0>,
                                                                           <function sin_x at 0x00000219E2A6C930>,
                                                                           <function squared_x at 0x00000219E2A6C5C0>]),
                    multiindices=[], p=5,
                    spatiotemporal_grid=AxesArray([[0.000e+00],
           [1.000e-02],
           [2.000e-02],
           ...,
           [2.497e+01],
           [2.498e+01],
           [2.499e+01]], shape=(2500, 1)))}, 'error': 'Model is trivial or exceed max complexity. Early stopped with complexity: 8.'}
------------------------------------------------------------------------------------------------------------------------------------------------------------------------------------

[2026-02-12 09:16:37] Result 31: {'configuration': {'differentiation_method': None, 'optimizer': EnsembleOptimizer(bagging=True, n_models=50, n_subset=2500,
                  opt=STLSQ(alpha=0.0001,
                            initial_guess=array([[  0. ,   1. ,   0. ,   0. ,   0. ,   0. ,   0. ,   0. ,   0. ],
       [  0. ,  -1.3,   0. , -60. ,   0. ,   0. ,   0. ,   0. ,   0. ]]),
                            max_iter=100000, normalize_columns=True,
                            threshold=1.0, unbias=False)), 'feature_library': FixedWeakPDELibrary(H_xt=array([0.05]), K=10, derivative_order=4,
                    differentiation_method=FiniteDifference(),
                    function_library=FixedCustomLibrary(function_names=[<function name_x at 0x00000219E2A6D010>,
                                                                        <function name_sin_x at 0x00000219E2A6D4E0>,
                                                                        <function name_squared_x at 0x00000219E2A6D170>],
                                                        library_functions=[<function x at 0x00000219E2A6C0F0>,
                                                                           <function sin_x at 0x00000219E2A6C930>,
                                                                           <function squared_x at 0x00000219E2A6C5C0>]),
                    multiindices=[],
                    spatiotemporal_grid=AxesArray([[0.000e+00],
           [1.000e-02],
           [2.000e-02],
           ...,
           [2.497e+01],
           [2.498e+01],
           [2.499e+01]], shape=(2500, 1)))}, 'error': 'Model is trivial or exceed max complexity. Early stopped with complexity: 8.'}
------------------------------------------------------------------------------------------------------------------------------------------------------------------------------------

[2026-02-12 09:16:37] Result 32: {'configuration': {'differentiation_method': None, 'optimizer': EnsembleOptimizer(bagging=True, n_models=50, n_subset=2500,
                  opt=STLSQ(alpha=0.0001,
                            initial_guess=array([[  0. ,   1. ,   0. ,   0. ,   0. ,   0. ,   0. ,   0. ,   0. ],
       [  0. ,  -1.3,   0. , -60. ,   0. ,   0. ,   0. ,   0. ,   0. ]]),
                            max_iter=100000, normalize_columns=True,
                            threshold=1.0, unbias=False)), 'feature_library': FixedWeakPDELibrary(H_xt=array([0.05]), K=10, derivative_order=4,
                    differentiation_method=FiniteDifference(),
                    function_library=FixedCustomLibrary(function_names=[<function name_x at 0x00000219E2A6D010>,
                                                                        <function name_sin_x at 0x00000219E2A6D4E0>,
                                                                        <function name_squared_x at 0x00000219E2A6D170>],
                                                        library_functions=[<function x at 0x00000219E2A6C0F0>,
                                                                           <function sin_x at 0x00000219E2A6C930>,
                                                                           <function squared_x at 0x00000219E2A6C5C0>]),
                    multiindices=[],
                    spatiotemporal_grid=AxesArray([[0.000e+00],
           [1.000e-02],
           [2.000e-02],
           ...,
           [2.497e+01],
           [2.498e+01],
           [2.499e+01]], shape=(2500, 1)))}, 'error': 'Model is trivial or exceed max complexity. Early stopped with complexity: 9.'}
------------------------------------------------------------------------------------------------------------------------------------------------------------------------------------

[2026-02-12 09:16:37] Result 33: {'configuration': {'differentiation_method': None, 'optimizer': EnsembleOptimizer(bagging=True, n_models=50, n_subset=2500,
                  opt=STLSQ(alpha=0.0001,
                            initial_guess=array([[  0. ,   1. ,   0. ,   0. ,   0. ,   0. ,   0. ,   0. ,   0. ],
       [  0. ,  -1.3,   0. , -60. ,   0. ,   0. ,   0. ,   0. ,   0. ]]),
                            max_iter=100000, normalize_columns=True,
                            threshold=1.0, unbias=False)), 'feature_library': FixedWeakPDELibrary(H_xt=array([0.05]), K=10, derivative_order=4,
                    differentiation_method=FiniteDifference(),
                    function_library=FixedCustomLibrary(function_names=[<function name_x at 0x00000219E2A6D010>,
                                                                        <function name_sin_x at 0x00000219E2A6D4E0>,
                                                                        <function name_squared_x at 0x00000219E2A6D170>],
                                                        library_functions=[<function x at 0x00000219E2A6C0F0>,
                                                                           <function sin_x at 0x00000219E2A6C930>,
                                                                           <function squared_x at 0x00000219E2A6C5C0>]),
                    multiindices=[], p=5,
                    spatiotemporal_grid=AxesArray([[0.000e+00],
           [1.000e-02],
           [2.000e-02],
           ...,
           [2.497e+01],
           [2.498e+01],
           [2.499e+01]], shape=(2500, 1)))}, 'error': 'Model is trivial or exceed max complexity. Early stopped with complexity: 8.'}
------------------------------------------------------------------------------------------------------------------------------------------------------------------------------------

[2026-02-12 09:16:37] Result 34: {'configuration': {'differentiation_method': None, 'optimizer': EnsembleOptimizer(bagging=True, n_models=50, n_subset=2500,
                  opt=STLSQ(alpha=0.0001,
                            initial_guess=array([[  0. ,   1. ,   0. ,   0. ,   0. ,   0. ,   0. ,   0. ,   0. ],
       [  0. ,  -1.3,   0. , -60. ,   0. ,   0. ,   0. ,   0. ,   0. ]]),
                            max_iter=100000, normalize_columns=True,
                            threshold=1.0, unbias=False)), 'feature_library': FixedWeakPDELibrary(H_xt=array([0.05]), K=20, derivative_order=4,
                    differentiation_method=FiniteDifference(),
                    function_library=FixedCustomLibrary(function_names=[<function name_x at 0x00000219E2A6D010>,
                                                                        <function name_sin_x at 0x00000219E2A6D4E0>,
                                                                        <function name_squared_x at 0x00000219E2A6D170>],
                                                        library_functions=[<function x at 0x00000219E2A6C0F0>,
                                                                           <function sin_x at 0x00000219E2A6C930>,
                                                                           <function squared_x at 0x00000219E2A6C5C0>]),
                    multiindices=[],
                    spatiotemporal_grid=AxesArray([[0.000e+00],
           [1.000e-02],
           [2.000e-02],
           ...,
           [2.497e+01],
           [2.498e+01],
           [2.499e+01]], shape=(2500, 1)))}, 'error': 'Model is trivial or exceed max complexity. Early stopped with complexity: 8.'}
------------------------------------------------------------------------------------------------------------------------------------------------------------------------------------

[2026-02-12 09:16:38] Result 35: {'configuration': {'differentiation_method': None, 'optimizer': EnsembleOptimizer(bagging=True, n_models=50, n_subset=2500,
                  opt=STLSQ(alpha=0.0001,
                            initial_guess=array([[  0. ,   1. ,   0. ,   0. ,   0. ,   0. ,   0. ,   0. ,   0. ],
       [  0. ,  -1.3,   0. , -60. ,   0. ,   0. ,   0. ,   0. ,   0. ]]),
                            max_iter=100000, normalize_columns=True,
                            threshold=1.0, unbias=False)), 'feature_library': FixedWeakPDELibrary(H_xt=array([0.05]), K=20, derivative_order=4,
                    differentiation_method=FiniteDifference(),
                    function_library=FixedCustomLibrary(function_names=[<function name_x at 0x00000219E2A6D010>,
                                                                        <function name_sin_x at 0x00000219E2A6D4E0>,
                                                                        <function name_squared_x at 0x00000219E2A6D170>],
                                                        library_functions=[<function x at 0x00000219E2A6C0F0>,
                                                                           <function sin_x at 0x00000219E2A6C930>,
                                                                           <function squared_x at 0x00000219E2A6C5C0>]),
                    multiindices=[],
                    spatiotemporal_grid=AxesArray([[0.000e+00],
           [1.000e-02],
           [2.000e-02],
           ...,
           [2.497e+01],
           [2.498e+01],
           [2.499e+01]], shape=(2500, 1)))}, 'error': 'Model is trivial or exceed max complexity. Early stopped with complexity: 8.'}
------------------------------------------------------------------------------------------------------------------------------------------------------------------------------------

[2026-02-12 09:16:38] Result 36: {'configuration': {'differentiation_method': None, 'optimizer': EnsembleOptimizer(bagging=True, n_models=50, n_subset=2500,
                  opt=STLSQ(alpha=0.0001,
                            initial_guess=array([[  0. ,   1. ,   0. ,   0. ,   0. ,   0. ,   0. ,   0. ,   0. ],
       [  0. ,  -1.3,   0. , -60. ,   0. ,   0. ,   0. ,   0. ,   0. ]]),
                            max_iter=100000, normalize_columns=True,
                            threshold=1.0, unbias=False)), 'feature_library': FixedWeakPDELibrary(H_xt=array([0.05]), K=20, derivative_order=4,
                    differentiation_method=FiniteDifference(),
                    function_library=FixedCustomLibrary(function_names=[<function name_x at 0x00000219E2A6D010>,
                                                                        <function name_sin_x at 0x00000219E2A6D4E0>,
                                                                        <function name_squared_x at 0x00000219E2A6D170>],
                                                        library_functions=[<function x at 0x00000219E2A6C0F0>,
                                                                           <function sin_x at 0x00000219E2A6C930>,
                                                                           <function squared_x at 0x00000219E2A6C5C0>]),
                    multiindices=[], p=5,
                    spatiotemporal_grid=AxesArray([[0.000e+00],
           [1.000e-02],
           [2.000e-02],
           ...,
           [2.497e+01],
           [2.498e+01],
           [2.499e+01]], shape=(2500, 1)))}, 'error': 'Model is trivial or exceed max complexity. Early stopped with complexity: 8.'}
------------------------------------------------------------------------------------------------------------------------------------------------------------------------------------

[2026-02-12 09:16:38] Result 37: {'configuration': {'differentiation_method': None, 'optimizer': EnsembleOptimizer(bagging=True, n_models=50, n_subset=2500,
                  opt=STLSQ(alpha=0.0001,
                            initial_guess=array([[  0. ,   1. ,   0. ,   0. ,   0. ,   0. ,   0. ,   0. ,   0. ],
       [  0. ,  -1.3,   0. , -60. ,   0. ,   0. ,   0. ,   0. ,   0. ]]),
                            max_iter=100000, normalize_columns=True,
                            threshold=1.0, unbias=False)), 'feature_library': FixedWeakPDELibrary(H_xt=array([0.05]), K=30, derivative_order=4,
                    differentiation_method=FiniteDifference(),
                    function_library=FixedCustomLibrary(function_names=[<function name_x at 0x00000219E2A6D010>,
                                                                        <function name_sin_x at 0x00000219E2A6D4E0>,
                                                                        <function name_squared_x at 0x00000219E2A6D170>],
                                                        library_functions=[<function x at 0x00000219E2A6C0F0>,
                                                                           <function sin_x at 0x00000219E2A6C930>,
                                                                           <function squared_x at 0x00000219E2A6C5C0>]),
                    multiindices=[],
                    spatiotemporal_grid=AxesArray([[0.000e+00],
           [1.000e-02],
           [2.000e-02],
           ...,
           [2.497e+01],
           [2.498e+01],
           [2.499e+01]], shape=(2500, 1)))}, 'error': 'Model is trivial or exceed max complexity. Early stopped with complexity: 7.'}
------------------------------------------------------------------------------------------------------------------------------------------------------------------------------------

[2026-02-12 09:16:38] Result 38: {'configuration': {'differentiation_method': None, 'optimizer': EnsembleOptimizer(bagging=True, n_models=50, n_subset=2500,
                  opt=STLSQ(alpha=0.0001,
                            initial_guess=array([[  0. ,   1. ,   0. ,   0. ,   0. ,   0. ,   0. ,   0. ,   0. ],
       [  0. ,  -1.3,   0. , -60. ,   0. ,   0. ,   0. ,   0. ,   0. ]]),
                            max_iter=100000, normalize_columns=True,
                            threshold=1.0, unbias=False)), 'feature_library': FixedWeakPDELibrary(H_xt=array([0.05]), K=30, derivative_order=4,
                    differentiation_method=FiniteDifference(),
                    function_library=FixedCustomLibrary(function_names=[<function name_x at 0x00000219E2A6D010>,
                                                                        <function name_sin_x at 0x00000219E2A6D4E0>,
                                                                        <function name_squared_x at 0x00000219E2A6D170>],
                                                        library_functions=[<function x at 0x00000219E2A6C0F0>,
                                                                           <function sin_x at 0x00000219E2A6C930>,
                                                                           <function squared_x at 0x00000219E2A6C5C0>]),
                    multiindices=[],
                    spatiotemporal_grid=AxesArray([[0.000e+00],
           [1.000e-02],
           [2.000e-02],
           ...,
           [2.497e+01],
           [2.498e+01],
           [2.499e+01]], shape=(2500, 1)))}, 'random_seed': 627418068, 'equations': [' 1.001 x1', '-40.075 x0 + -38.357 sin(x0) + -1.793 sin(x1) +  15.888 x0^2 +  14.590 u0^2'], 'r2_score': np.float64(0.55426), 'rmse': np.float64(0.12846), 'complexity': np.int64(6), 'aic': np.float64(-5114.168693079024)}
------------------------------------------------------------------------------------------------------------------------------------------------------------------------------------

[2026-02-12 09:16:38] Result 39: {'configuration': {'differentiation_method': None, 'optimizer': EnsembleOptimizer(bagging=True, n_models=50, n_subset=2500,
                  opt=STLSQ(alpha=0.0001,
                            initial_guess=array([[  0. ,   1. ,   0. ,   0. ,   0. ,   0. ,   0. ,   0. ,   0. ],
       [  0. ,  -1.3,   0. , -60. ,   0. ,   0. ,   0. ,   0. ,   0. ]]),
                            max_iter=100000, normalize_columns=True,
                            threshold=1.0, unbias=False)), 'feature_library': FixedWeakPDELibrary(H_xt=array([0.05]), K=30, derivative_order=4,
                    differentiation_method=FiniteDifference(),
                    function_library=FixedCustomLibrary(function_names=[<function name_x at 0x00000219E2A6D010>,
                                                                        <function name_sin_x at 0x00000219E2A6D4E0>,
                                                                        <function name_squared_x at 0x00000219E2A6D170>],
                                                        library_functions=[<function x at 0x00000219E2A6C0F0>,
                                                                           <function sin_x at 0x00000219E2A6C930>,
                                                                           <function squared_x at 0x00000219E2A6C5C0>]),
                    multiindices=[], p=5,
                    spatiotemporal_grid=AxesArray([[0.000e+00],
           [1.000e-02],
           [2.000e-02],
           ...,
           [2.497e+01],
           [2.498e+01],
           [2.499e+01]], shape=(2500, 1)))}, 'error': 'Model is trivial or exceed max complexity. Early stopped with complexity: 8.'}
------------------------------------------------------------------------------------------------------------------------------------------------------------------------------------

[2026-02-12 09:16:38] Result 40: {'configuration': {'differentiation_method': None, 'optimizer': EnsembleOptimizer(bagging=True, n_models=50, n_subset=2500,
                  opt=STLSQ(alpha=0.0001,
                            initial_guess=array([[  0. ,   1. ,   0. ,   0. ,   0. ,   0. ,   0. ,   0. ,   0. ],
       [  0. ,  -1.3,   0. , -60. ,   0. ,   0. ,   0. ,   0. ,   0. ]]),
                            max_iter=100000, normalize_columns=True,
                            threshold=1.0, unbias=False)), 'feature_library': FixedWeakPDELibrary(H_xt=array([0.05]), K=40, derivative_order=4,
                    differentiation_method=FiniteDifference(),
                    function_library=FixedCustomLibrary(function_names=[<function name_x at 0x00000219E2A6D010>,
                                                                        <function name_sin_x at 0x00000219E2A6D4E0>,
                                                                        <function name_squared_x at 0x00000219E2A6D170>],
                                                        library_functions=[<function x at 0x00000219E2A6C0F0>,
                                                                           <function sin_x at 0x00000219E2A6C930>,
                                                                           <function squared_x at 0x00000219E2A6C5C0>]),
                    multiindices=[],
                    spatiotemporal_grid=AxesArray([[0.000e+00],
           [1.000e-02],
           [2.000e-02],
           ...,
           [2.497e+01],
           [2.498e+01],
           [2.499e+01]], shape=(2500, 1)))}, 'error': 'Model is trivial or exceed max complexity. Early stopped with complexity: 8.'}
------------------------------------------------------------------------------------------------------------------------------------------------------------------------------------

[2026-02-12 09:16:39] Result 41: {'configuration': {'differentiation_method': None, 'optimizer': EnsembleOptimizer(bagging=True, n_models=50, n_subset=2500,
                  opt=STLSQ(alpha=0.0001,
                            initial_guess=array([[  0. ,   1. ,   0. ,   0. ,   0. ,   0. ,   0. ,   0. ,   0. ],
       [  0. ,  -1.3,   0. , -60. ,   0. ,   0. ,   0. ,   0. ,   0. ]]),
                            max_iter=100000, normalize_columns=True,
                            threshold=1.0, unbias=False)), 'feature_library': FixedWeakPDELibrary(H_xt=array([0.05]), K=40, derivative_order=4,
                    differentiation_method=FiniteDifference(),
                    function_library=FixedCustomLibrary(function_names=[<function name_x at 0x00000219E2A6D010>,
                                                                        <function name_sin_x at 0x00000219E2A6D4E0>,
                                                                        <function name_squared_x at 0x00000219E2A6D170>],
                                                        library_functions=[<function x at 0x00000219E2A6C0F0>,
                                                                           <function sin_x at 0x00000219E2A6C930>,
                                                                           <function squared_x at 0x00000219E2A6C5C0>]),
                    multiindices=[],
                    spatiotemporal_grid=AxesArray([[0.000e+00],
           [1.000e-02],
           [2.000e-02],
           ...,
           [2.497e+01],
           [2.498e+01],
           [2.499e+01]], shape=(2500, 1)))}, 'error': 'Model is trivial or exceed max complexity. Early stopped with complexity: 9.'}
------------------------------------------------------------------------------------------------------------------------------------------------------------------------------------

[2026-02-12 09:16:39] Result 42: {'configuration': {'differentiation_method': None, 'optimizer': EnsembleOptimizer(bagging=True, n_models=50, n_subset=2500,
                  opt=STLSQ(alpha=0.0001,
                            initial_guess=array([[  0. ,   1. ,   0. ,   0. ,   0. ,   0. ,   0. ,   0. ,   0. ],
       [  0. ,  -1.3,   0. , -60. ,   0. ,   0. ,   0. ,   0. ,   0. ]]),
                            max_iter=100000, normalize_columns=True,
                            threshold=1.0, unbias=False)), 'feature_library': FixedWeakPDELibrary(H_xt=array([0.05]), K=40, derivative_order=4,
                    differentiation_method=FiniteDifference(),
                    function_library=FixedCustomLibrary(function_names=[<function name_x at 0x00000219E2A6D010>,
                                                                        <function name_sin_x at 0x00000219E2A6D4E0>,
                                                                        <function name_squared_x at 0x00000219E2A6D170>],
                                                        library_functions=[<function x at 0x00000219E2A6C0F0>,
                                                                           <function sin_x at 0x00000219E2A6C930>,
                                                                           <function squared_x at 0x00000219E2A6C5C0>]),
                    multiindices=[], p=5,
                    spatiotemporal_grid=AxesArray([[0.000e+00],
           [1.000e-02],
           [2.000e-02],
           ...,
           [2.497e+01],
           [2.498e+01],
           [2.499e+01]], shape=(2500, 1)))}, 'error': 'Model is trivial or exceed max complexity. Early stopped with complexity: 9.'}
------------------------------------------------------------------------------------------------------------------------------------------------------------------------------------

[2026-02-12 09:16:39] Result 43: {'configuration': {'differentiation_method': None, 'optimizer': EnsembleOptimizer(bagging=True, n_models=50, n_subset=2500,
                  opt=STLSQ(alpha=0.0001,
                            initial_guess=array([[  0. ,   1. ,   0. ,   0. ,   0. ,   0. ,   0. ,   0. ,   0. ],
       [  0. ,  -1.3,   0. , -60. ,   0. ,   0. ,   0. ,   0. ,   0. ]]),
                            max_iter=100000, normalize_columns=True,
                            threshold=1.0, unbias=False)), 'feature_library': FixedWeakPDELibrary(H_xt=array([0.05]), K=50, derivative_order=4,
                    differentiation_method=FiniteDifference(),
                    function_library=FixedCustomLibrary(function_names=[<function name_x at 0x00000219E2A6D010>,
                                                                        <function name_sin_x at 0x00000219E2A6D4E0>,
                                                                        <function name_squared_x at 0x00000219E2A6D170>],
                                                        library_functions=[<function x at 0x00000219E2A6C0F0>,
                                                                           <function sin_x at 0x00000219E2A6C930>,
                                                                           <function squared_x at 0x00000219E2A6C5C0>]),
                    multiindices=[],
                    spatiotemporal_grid=AxesArray([[0.000e+00],
           [1.000e-02],
           [2.000e-02],
           ...,
           [2.497e+01],
           [2.498e+01],
           [2.499e+01]], shape=(2500, 1)))}, 'error': 'Model is trivial or exceed max complexity. Early stopped with complexity: 7.'}
------------------------------------------------------------------------------------------------------------------------------------------------------------------------------------

[2026-02-12 09:16:39] Result 44: {'configuration': {'differentiation_method': None, 'optimizer': EnsembleOptimizer(bagging=True, n_models=50, n_subset=2500,
                  opt=STLSQ(alpha=0.0001,
                            initial_guess=array([[  0. ,   1. ,   0. ,   0. ,   0. ,   0. ,   0. ,   0. ,   0. ],
       [  0. ,  -1.3,   0. , -60. ,   0. ,   0. ,   0. ,   0. ,   0. ]]),
                            max_iter=100000, normalize_columns=True,
                            threshold=1.0, unbias=False)), 'feature_library': FixedWeakPDELibrary(H_xt=array([0.05]), K=50, derivative_order=4,
                    differentiation_method=FiniteDifference(),
                    function_library=FixedCustomLibrary(function_names=[<function name_x at 0x00000219E2A6D010>,
                                                                        <function name_sin_x at 0x00000219E2A6D4E0>,
                                                                        <function name_squared_x at 0x00000219E2A6D170>],
                                                        library_functions=[<function x at 0x00000219E2A6C0F0>,
                                                                           <function sin_x at 0x00000219E2A6C930>,
                                                                           <function squared_x at 0x00000219E2A6C5C0>]),
                    multiindices=[],
                    spatiotemporal_grid=AxesArray([[0.000e+00],
           [1.000e-02],
           [2.000e-02],
           ...,
           [2.497e+01],
           [2.498e+01],
           [2.499e+01]], shape=(2500, 1)))}, 'error': 'Model is trivial or exceed max complexity. Early stopped with complexity: 8.'}
------------------------------------------------------------------------------------------------------------------------------------------------------------------------------------

[2026-02-12 09:16:39] Result 45: {'configuration': {'differentiation_method': None, 'optimizer': EnsembleOptimizer(bagging=True, n_models=50, n_subset=2500,
                  opt=STLSQ(alpha=0.0001,
                            initial_guess=array([[  0. ,   1. ,   0. ,   0. ,   0. ,   0. ,   0. ,   0. ,   0. ],
       [  0. ,  -1.3,   0. , -60. ,   0. ,   0. ,   0. ,   0. ,   0. ]]),
                            max_iter=100000, normalize_columns=True,
                            threshold=1.0, unbias=False)), 'feature_library': FixedWeakPDELibrary(H_xt=array([0.05]), K=50, derivative_order=4,
                    differentiation_method=FiniteDifference(),
                    function_library=FixedCustomLibrary(function_names=[<function name_x at 0x00000219E2A6D010>,
                                                                        <function name_sin_x at 0x00000219E2A6D4E0>,
                                                                        <function name_squared_x at 0x00000219E2A6D170>],
                                                        library_functions=[<function x at 0x00000219E2A6C0F0>,
                                                                           <function sin_x at 0x00000219E2A6C930>,
                                                                           <function squared_x at 0x00000219E2A6C5C0>]),
                    multiindices=[], p=5,
                    spatiotemporal_grid=AxesArray([[0.000e+00],
           [1.000e-02],
           [2.000e-02],
           ...,
           [2.497e+01],
           [2.498e+01],
           [2.499e+01]], shape=(2500, 1)))}, 'error': 'Model is trivial or exceed max complexity. Early stopped with complexity: 7.'}
------------------------------------------------------------------------------------------------------------------------------------------------------------------------------------

