[2026-04-01 18:06:16] Result 1: {'configuration': {'differentiation_method': None, 'optimizer': MIOSR(constraint_lhs=array([[1., 0., 0., ..., 0., 0., 0.],
       [0., 1., 0., ..., 0., 0., 0.],
       [0., 0., 1., ..., 0., 0., 0.],
       ...,
       [0., 0., 0., ..., 0., 0., 0.],
       [0., 0., 0., ..., 0., 0., 0.],
       [0., 0., 0., ..., 0., 0., 0.]], shape=(68, 136)),
      constraint_rhs=array([0., 0., 1., 0., 0., 0., 0., 0., 0., 0., 0., 0., 0., 0., 0., 0., 0.,
       0., 0., 0., 0., 0., 0., 0., 0., 0., 0., 0., 0., 0., 0., 0., 0., 0.,
       0., 0., 0., 0., 0., 0., 0., 0., 0., 0., 0., 0., 0., 0., 0., 0., 0.,
       0., 0., 0., 0., 0., 0., 0., 0., 0., 0., 0., 0., 0., 0., 0., 0., 0.]),
      group_sparsity=(1, 50), regression_timeout=45, target_sparsity=7), 'feature_library': FixedWeakPDELibrary(H_xt=array([0.5]),
                    differentiation_method=FiniteDifference(),
                    function_library=ConcatLibrary(libraries=[PolynomialLibrary(degree=1),
                                                              FixedCustomLibrary(function_names=[<function name_yx_frac at 0x0000020262AD92D0>,
                                                                                                 <function name_y_squared_x_frac at 0x0000020262AD9380>,
                                                                                                 <function name_y_cubed_x_frac at 0x0000020262AD9430>,
                                                                                                 <function name_y_quar...
                                                                                                    <function yx_cubed_frac_z_cubed at 0x0000020262ADB7F0>,
                                                                                                    <function yx_quartered_frac_z_cubed at 0x0000020262ADBD70>,
                                                                                                    <function yx_frac_z_quartered at 0x0000020262ADADA0>,
                                                                                                    <function yx_squared_frac_z_quartered at 0x0000020262ADB320>, ...])]),
                    multiindices=[],
                    spatiotemporal_grid=AxesArray([[0.0000e+00],
           [2.5000e-02],
           [5.0000e-02],
           ...,
           [8.7925e+01],
           [8.7950e+01],
           [8.7975e+01]], shape=(3520, 1)))}, 'random_seed': 1728993401, 'equations': [' 1.000 x1', ' 0.728 1 + -0.757 x0 +  0.284 x1 + -0.236 u0 1/x0^2 +  0.084 u0^2 1/x0^3 + -0.073 x1 1/x0^4 u0^4'], 'r2_score': np.float64(-0.89942), 'rmse': np.float64(0.03475), 'complexity': np.int64(7), 'aic': np.float64(-14519.610748210458)}
------------------------------------------------------------------------------------------------------------------------------------------------------------------------------------

[2026-04-01 18:06:56] Result 4: {'configuration': {'differentiation_method': None, 'optimizer': MIOSR(constraint_lhs=array([[1., 0., 0., ..., 0., 0., 0.],
       [0., 1., 0., ..., 0., 0., 0.],
       [0., 0., 1., ..., 0., 0., 0.],
       ...,
       [0., 0., 0., ..., 0., 0., 0.],
       [0., 0., 0., ..., 0., 0., 0.],
       [0., 0., 0., ..., 0., 0., 0.]], shape=(68, 136)),
      constraint_rhs=array([0., 0., 1., 0., 0., 0., 0., 0., 0., 0., 0., 0., 0., 0., 0., 0., 0.,
       0., 0., 0., 0., 0., 0., 0., 0., 0., 0., 0., 0., 0., 0., 0., 0., 0.,
       0., 0., 0., 0., 0., 0., 0., 0., 0., 0., 0., 0., 0., 0., 0., 0., 0.,
       0., 0., 0., 0., 0., 0., 0., 0., 0., 0., 0., 0., 0., 0., 0., 0., 0.]),
      group_sparsity=(1, 50), regression_timeout=45, target_sparsity=8), 'feature_library': FixedWeakPDELibrary(H_xt=array([0.5]),
                    differentiation_method=FiniteDifference(),
                    function_library=ConcatLibrary(libraries=[PolynomialLibrary(degree=1),
                                                              FixedCustomLibrary(function_names=[<function name_yx_frac at 0x0000020262AD92D0>,
                                                                                                 <function name_y_squared_x_frac at 0x0000020262AD9380>,
                                                                                                 <function name_y_cubed_x_frac at 0x0000020262AD9430>,
                                                                                                 <function name_y_quar...
                                                                                                    <function yx_cubed_frac_z_cubed at 0x0000020262ADB7F0>,
                                                                                                    <function yx_quartered_frac_z_cubed at 0x0000020262ADBD70>,
                                                                                                    <function yx_frac_z_quartered at 0x0000020262ADADA0>,
                                                                                                    <function yx_squared_frac_z_quartered at 0x0000020262ADB320>, ...])]),
                    multiindices=[], p=5,
                    spatiotemporal_grid=AxesArray([[0.0000e+00],
           [2.5000e-02],
           [5.0000e-02],
           ...,
           [8.7925e+01],
           [8.7950e+01],
           [8.7975e+01]], shape=(3520, 1)))}, 'error': 'Model diverg too much (exceed max state) or is not stable. Stopped after long simulation.'}
------------------------------------------------------------------------------------------------------------------------------------------------------------------------------------

[2026-04-01 18:07:01] Result 2: {'configuration': {'differentiation_method': None, 'optimizer': MIOSR(constraint_lhs=array([[1., 0., 0., ..., 0., 0., 0.],
       [0., 1., 0., ..., 0., 0., 0.],
       [0., 0., 1., ..., 0., 0., 0.],
       ...,
       [0., 0., 0., ..., 0., 0., 0.],
       [0., 0., 0., ..., 0., 0., 0.],
       [0., 0., 0., ..., 0., 0., 0.]], shape=(68, 136)),
      constraint_rhs=array([0., 0., 1., 0., 0., 0., 0., 0., 0., 0., 0., 0., 0., 0., 0., 0., 0.,
       0., 0., 0., 0., 0., 0., 0., 0., 0., 0., 0., 0., 0., 0., 0., 0., 0.,
       0., 0., 0., 0., 0., 0., 0., 0., 0., 0., 0., 0., 0., 0., 0., 0., 0.,
       0., 0., 0., 0., 0., 0., 0., 0., 0., 0., 0., 0., 0., 0., 0., 0., 0.]),
      group_sparsity=(1, 50), regression_timeout=45, target_sparsity=8), 'feature_library': FixedWeakPDELibrary(H_xt=array([0.5]),
                    differentiation_method=FiniteDifference(),
                    function_library=ConcatLibrary(libraries=[PolynomialLibrary(degree=1),
                                                              FixedCustomLibrary(function_names=[<function name_yx_frac at 0x0000020262AD92D0>,
                                                                                                 <function name_y_squared_x_frac at 0x0000020262AD9380>,
                                                                                                 <function name_y_cubed_x_frac at 0x0000020262AD9430>,
                                                                                                 <function name_y_quar...
                                                                                                    <function yx_cubed_frac_z_cubed at 0x0000020262ADB7F0>,
                                                                                                    <function yx_quartered_frac_z_cubed at 0x0000020262ADBD70>,
                                                                                                    <function yx_frac_z_quartered at 0x0000020262ADADA0>,
                                                                                                    <function yx_squared_frac_z_quartered at 0x0000020262ADB320>, ...])]),
                    multiindices=[],
                    spatiotemporal_grid=AxesArray([[0.0000e+00],
           [2.5000e-02],
           [5.0000e-02],
           ...,
           [8.7925e+01],
           [8.7950e+01],
           [8.7975e+01]], shape=(3520, 1)))}, 'random_seed': 2472302600, 'equations': [' 1.000 x1', '-0.296 x0 +  0.529 x1 +  0.568 u0 1/x0 + -0.226 u0 1/x0^2 + -0.314 x1 1/x0^3 +  0.038 u0^4 1/x0^4 +  0.298 x1 1/x0^4 u0^2'], 'r2_score': np.float64(-96.73413), 'rmse': np.float64(0.23499), 'complexity': np.int64(8), 'aic': np.float64(-5910.07907016668)}
------------------------------------------------------------------------------------------------------------------------------------------------------------------------------------

[2026-04-01 18:07:22] Result 3: KILLED (Reach timeout limit 90s)
------------------------------------------------------------------------------------------------------------------------------------------------------------------------------------

